1519289570725	geckodriver	INFO	geckodriver 0.19.1
1519289570733	geckodriver	INFO	Listening on 127.0.0.1:42483
1519289571836	mozrunner::runner	INFO	Running command: "/usr/bin/firefox" "-marionette" "-profile" "/tmp/rust_mozprofile.DrIaJZX2algG"
1519289572710	Marionette	INFO	Enabled via --marionette
1519289573753	Marionette	INFO	Listening on port 37831
1519289573851	Marionette	WARN	TLS certificate errors will be ignored for this session
Marionette threw an error: [Exception... "Component returned failure code: 0x80070057 (NS_ERROR_ILLEGAL_VALUE) [nsIMessageSender.sendAsyncMessage]"  nsresult: "0x80070057 (NS_ERROR_ILLEGAL_VALUE)"  location: "JS frame :: chrome://marionette/content/proxy.js :: sendReply_ :: line 272"  data: no]
sendReply_@chrome://marionette/content/proxy.js:272:5
reply@chrome://marionette/content/proxy.js:258:7
sendToServer@chrome://marionette/content/listener.js:686:3
sendError@chrome://marionette/content/listener.js:721:3
dispatch/</<@chrome://marionette/content/listener.js:484:49

1519289577981	Marionette	DEBUG	Register listener.js for window 4294967297
1519289578010	Marionette	DEBUG	Register listener.js for window 4294967299
*** UTM:SVC TimerManager:registerTimer called after profile-before-change notification. Ignoring timer registration for id: telemetry_modules_ping
1519289588217	geckodriver	INFO	geckodriver 0.19.1
1519289588219	geckodriver	INFO	Listening on 127.0.0.1:59331
1519289589335	mozrunner::runner	INFO	Running command: "/usr/bin/firefox" "-marionette" "-profile" "/tmp/rust_mozprofile.haV1mrEIqiDc"
1519289589714	Marionette	INFO	Enabled via --marionette
1519289590570	Marionette	INFO	Listening on port 35845
1519289590642	Marionette	WARN	TLS certificate errors will be ignored for this session
Marionette threw an error: [Exception... "Component returned failure code: 0x80070057 (NS_ERROR_ILLEGAL_VALUE) [nsIMessageSender.sendAsyncMessage]"  nsresult: "0x80070057 (NS_ERROR_ILLEGAL_VALUE)"  location: "JS frame :: chrome://marionette/content/proxy.js :: sendReply_ :: line 272"  data: no]
sendReply_@chrome://marionette/content/proxy.js:272:5
reply@chrome://marionette/content/proxy.js:258:7
sendToServer@chrome://marionette/content/listener.js:686:3
sendError@chrome://marionette/content/listener.js:721:3
dispatch/</<@chrome://marionette/content/listener.js:484:49

1519289594064	Marionette	DEBUG	Register listener.js for window 4294967297
1519289594094	Marionette	DEBUG	Register listener.js for window 4294967299
*** UTM:SVC TimerManager:registerTimer called after profile-before-change notification. Ignoring timer registration for id: telemetry_modules_ping
1519289626594	geckodriver	INFO	geckodriver 0.19.1
1519289626598	geckodriver	INFO	Listening on 127.0.0.1:44297
1519289627711	mozrunner::runner	INFO	Running command: "/usr/bin/firefox" "-marionette" "-profile" "/tmp/rust_mozprofile.Ur2pv0MNc4Mf"
1519289628113	Marionette	INFO	Enabled via --marionette
1519289628965	Marionette	INFO	Listening on port 37807
1519289629028	Marionette	WARN	TLS certificate errors will be ignored for this session
Marionette threw an error: [Exception... "Component returned failure code: 0x80070057 (NS_ERROR_ILLEGAL_VALUE) [nsIMessageSender.sendAsyncMessage]"  nsresult: "0x80070057 (NS_ERROR_ILLEGAL_VALUE)"  location: "JS frame :: chrome://marionette/content/proxy.js :: sendReply_ :: line 272"  data: no]
sendReply_@chrome://marionette/content/proxy.js:272:5
reply@chrome://marionette/content/proxy.js:258:7
sendToServer@chrome://marionette/content/listener.js:686:3
sendError@chrome://marionette/content/listener.js:721:3
dispatch/</<@chrome://marionette/content/listener.js:484:49

*** UTM:SVC TimerManager:registerTimer called after profile-before-change notification. Ignoring timer registration for id: telemetry_modules_ping
1519301348002	geckodriver	INFO	geckodriver 0.19.1
1519301348004	geckodriver	INFO	Listening on 127.0.0.1:43487
1519301349118	mozrunner::runner	INFO	Running command: "/usr/bin/firefox" "-marionette" "-profile" "/tmp/rust_mozprofile.VuRxUnqGG4U4"
1519301349488	Marionette	INFO	Enabled via --marionette
1519301350360	Marionette	INFO	Listening on port 41249
1519301350424	Marionette	WARN	TLS certificate errors will be ignored for this session
Marionette threw an error: [Exception... "Component returned failure code: 0x80070057 (NS_ERROR_ILLEGAL_VALUE) [nsIMessageSender.sendAsyncMessage]"  nsresult: "0x80070057 (NS_ERROR_ILLEGAL_VALUE)"  location: "JS frame :: chrome://marionette/content/proxy.js :: sendReply_ :: line 272"  data: no]
sendReply_@chrome://marionette/content/proxy.js:272:5
reply@chrome://marionette/content/proxy.js:258:7
sendToServer@chrome://marionette/content/listener.js:686:3
sendError@chrome://marionette/content/listener.js:721:3
dispatch/</<@chrome://marionette/content/listener.js:484:49

1519301352962	Marionette	DEBUG	Register listener.js for window 4294967297
1519301352992	Marionette	DEBUG	Register listener.js for window 4294967299
*** UTM:SVC TimerManager:registerTimer called after profile-before-change notification. Ignoring timer registration for id: telemetry_modules_ping
1519304337152	geckodriver	INFO	geckodriver 0.19.1
1519304337155	geckodriver	INFO	Listening on 127.0.0.1:48725
1519304338238	mozrunner::runner	INFO	Running command: "/usr/bin/firefox" "-marionette" "-profile" "/tmp/rust_mozprofile.oyA983FhPvdK"
1519304338581	Marionette	INFO	Enabled via --marionette
1519304339419	Marionette	INFO	Listening on port 40409
1519304339444	Marionette	WARN	TLS certificate errors will be ignored for this session
*** UTM:SVC TimerManager:registerTimer called after profile-before-change notification. Ignoring timer registration for id: telemetry_modules_ping
1519309990325	geckodriver	INFO	geckodriver 0.19.1
1519309990327	geckodriver	INFO	Listening on 127.0.0.1:36381
1519309991429	mozrunner::runner	INFO	Running command: "/usr/bin/firefox" "-marionette" "-profile" "/tmp/rust_mozprofile.ANNgbIhKsAcK"
1519309991848	Marionette	INFO	Enabled via --marionette
1519309992789	Marionette	INFO	Listening on port 45601
1519309992843	Marionette	WARN	TLS certificate errors will be ignored for this session
*** UTM:SVC TimerManager:registerTimer called after profile-before-change notification. Ignoring timer registration for id: telemetry_modules_ping
1519310036032	geckodriver	INFO	geckodriver 0.19.1
1519310036048	geckodriver	INFO	Listening on 127.0.0.1:47265
1519310037146	mozrunner::runner	INFO	Running command: "/usr/bin/firefox" "-marionette" "-profile" "/tmp/rust_mozprofile.3qLBSu4Y8LJp"
1519310037555	Marionette	INFO	Enabled via --marionette
1519310038487	Marionette	INFO	Listening on port 35389
1519310038551	Marionette	WARN	TLS certificate errors will be ignored for this session
JavaScript error: https://a.travel-assets.com/bundles/storefront-web/secondaryContent-bundle/memberOnlyDeals-1-en_US-fac06cb091d6dcc68fce57082a490cda-min.js, line 1: ReferenceError: Handlebars is not defined
1519311615059	geckodriver	INFO	geckodriver 0.19.1
1519311615061	geckodriver	INFO	Listening on 127.0.0.1:55069
1519311616171	mozrunner::runner	INFO	Running command: "/usr/bin/firefox" "-marionette" "-profile" "/tmp/rust_mozprofile.2LYAdyWH6i7T"
1519311616593	Marionette	INFO	Enabled via --marionette
1519311617497	Marionette	INFO	Listening on port 42959
1519311617578	Marionette	WARN	TLS certificate errors will be ignored for this session
ATTENTION: default value of option force_s3tc_enable overridden by environment.
Marionette threw an error: [Exception... "Component returned failure code: 0x80070057 (NS_ERROR_ILLEGAL_VALUE) [nsIMessageSender.sendAsyncMessage]"  nsresult: "0x80070057 (NS_ERROR_ILLEGAL_VALUE)"  location: "JS frame :: chrome://marionette/content/proxy.js :: sendReply_ :: line 272"  data: no]
sendReply_@chrome://marionette/content/proxy.js:272:5
reply@chrome://marionette/content/proxy.js:258:7
sendToServer@chrome://marionette/content/listener.js:686:3
sendError@chrome://marionette/content/listener.js:721:3
dispatch/</<@chrome://marionette/content/listener.js:484:49

[Parent 6208, Gecko_IOThread] WARNING: pipe error (97): Connection reset by peer: file /build/firefox-9j9NY8/firefox-58.0.2+build1/ipc/chromium/src/chrome/common/ipc_channel_posix.cc, line 353
*** UTM:SVC TimerManager:registerTimer called after profile-before-change notification. Ignoring timer registration for id: telemetry_modules_ping
1520072643894	geckodriver	INFO	geckodriver 0.19.1
1520072643908	geckodriver	INFO	Listening on 127.0.0.1:43563
1520072644983	mozrunner::runner	INFO	Running command: "/usr/bin/firefox" "-marionette" "-profile" "/tmp/rust_mozprofile.V0I6GujWOSsN"
1520072645788	Marionette	INFO	Enabled via --marionette
1520072646782	Marionette	INFO	Listening on port 37733
1520072646816	Marionette	WARN	TLS certificate errors will be ignored for this session
1520072686934	Marionette	DEBUG	Register listener.js for window 4294967297
1520072686964	Marionette	DEBUG	Register listener.js for window 4294967299
*** UTM:SVC TimerManager:registerTimer called after profile-before-change notification. Ignoring timer registration for id: telemetry_modules_ping
1520072713393	geckodriver	INFO	geckodriver 0.19.1
1520072713396	geckodriver	INFO	Listening on 127.0.0.1:37215
1520072714476	mozrunner::runner	INFO	Running command: "/usr/bin/firefox" "-marionette" "-profile" "/tmp/rust_mozprofile.Jv5qR81MhzYn"
1520072714827	Marionette	INFO	Enabled via --marionette
1520072715634	Marionette	INFO	Listening on port 38215
1520072715684	Marionette	WARN	TLS certificate errors will be ignored for this session
*** UTM:SVC TimerManager:registerTimer called after profile-before-change notification. Ignoring timer registration for id: telemetry_modules_ping
